#
# There is insufficient memory for the Java Runtime Environment to continue.
# Native memory allocation (malloc) failed to allocate 792896 bytes for Chunk::new
# Possible reasons:
#   The system is out of physical RAM or swap space
#   The process is running with CompressedOops enabled, and the Java Heap may be blocking the growth of the native heap
# Possible solutions:
#   Reduce memory load on the system
#   Increase physical memory or swap space
#   Check if swap backing store is full
#   Decrease Java heap size (-Xmx/-Xms)
#   Decrease number of Java threads
#   Decrease Java thread stack sizes (-Xss)
#   Set larger code cache with -XX:ReservedCodeCacheSize=
#   JVM is running with Unscaled Compressed Oops mode in which the Java heap is
#     placed in the first 4GB address space. The Java Heap base address is the
#     maximum limit for the native heap growth. Please use -XX:HeapBaseMinAddress
#     to set the Java Heap base and to place the Java Heap above 4GB virtual address.
# This output file may be truncated or incomplete.
#
#  Out of Memory Error (arena.cpp:189), pid=15532, tid=20984
#
# JRE version: OpenJDK Runtime Environment Temurin-17.0.5+8 (17.0.5+8) (build 17.0.5+8)
# Java VM: OpenJDK 64-Bit Server VM Temurin-17.0.5+8 (17.0.5+8, mixed mode, tiered, compressed oops, compressed class ptrs, g1 gc, windows-amd64)
# No core dump will be written. Minidumps are not enabled by default on client versions of Windows
#

---------------  S U M M A R Y ------------

Command Line: -Dfile.encoding=UTF-8 -XX:+ShowCodeDetailsInExceptionMessages com.harshi.seleniumTest.AmazonFinalproject_Phase1.TestSignInPage

Host: 11th Gen Intel(R) Core(TM) i5-1135G7 @ 2.40GHz, 8 cores, 3G,  Windows 11 , 64 bit Build 22621 (10.0.22621.2506)
Time: Wed Dec 13 15:02:24 2023 India Standard Time elapsed time: 10.713926 seconds (0d 0h 0m 10s)

---------------  T H R E A D  ---------------

Current thread (0x0000021178377c60):  JavaThread "C2 CompilerThread0" daemon [_thread_in_native, id=20984, stack(0x000000f390000000,0x000000f390100000)]


Current CompileTask:
C2:  10714 1656       4       java.util.jar.JarFile::getEntry (35 bytes)

Stack: [0x000000f390000000,0x000000f390100000]
Native frames: (J=compiled Java code, j=interpreted, Vv=VM code, C=native code)
V  [jvm.dll+0x676b3a]
V  [jvm.dll+0x831444]
V  [jvm.dll+0x832bee]
V  [jvm.dll+0x833253]
V  [jvm.dll+0x244ce5]
V  [jvm.dll+0xabbac]
V  [jvm.dll+0xac17c]
V  [jvm.dll+0x362d57]
V  [jvm.dll+0x32d591]
V  [jvm.dll+0x32ca3a]
V  [jvm.dll+0x217b51]
V  [jvm.dll+0x216f71]
V  [jvm.dll+0x1a343d]
V  [jvm.dll+0x22698a]
V  [jvm.dll+0x224ac5]
V  [jvm.dll+0x7e727b]
V  [jvm.dll+0x7e17ea]
V  [jvm.dll+0x6759e5]
C  [ucrtbase.dll+0x29363]
C  [KERNEL32.DLL+0x1257d]
C  [ntdll.dll+0x5aa58]


---------------  P R O C E S S  ---------------

Threads class SMR info:
_java_thread_list=0x000002117922e250, length=22, elements={
0x000002116dc60c10, 0x0000021178324330, 0x0000021178324ee0, 0x000002117832a330,
0x000002117832aee0, 0x000002117836a000, 0x000002117836eec0, 0x0000021178377c60,
0x000002117837a710, 0x000002117838c7e0, 0x0000021178e4dbb0, 0x0000021178e86030,
0x0000021178ed9760, 0x000002117941bbb0, 0x00000211793275f0, 0x0000021179327ac0,
0x0000021179328390, 0x000002117934f090, 0x0000021179774020, 0x00000211794f7980,
0x00000211794912b0, 0x0000021179492120
}

Java Threads: ( => current thread )
  0x000002116dc60c10 JavaThread "Forwarding newSession on session null to remote" [_thread_blocked, id=2544, stack(0x000000f38f300000,0x000000f38f400000)]
  0x0000021178324330 JavaThread "Reference Handler" daemon [_thread_blocked, id=4724, stack(0x000000f38fa00000,0x000000f38fb00000)]
  0x0000021178324ee0 JavaThread "Finalizer" daemon [_thread_blocked, id=1288, stack(0x000000f38fb00000,0x000000f38fc00000)]
  0x000002117832a330 JavaThread "Signal Dispatcher" daemon [_thread_blocked, id=10968, stack(0x000000f38fc00000,0x000000f38fd00000)]
  0x000002117832aee0 JavaThread "Attach Listener" daemon [_thread_blocked, id=14208, stack(0x000000f38fd00000,0x000000f38fe00000)]
  0x000002117836a000 JavaThread "Service Thread" daemon [_thread_blocked, id=15696, stack(0x000000f38fe00000,0x000000f38ff00000)]
  0x000002117836eec0 JavaThread "Monitor Deflation Thread" daemon [_thread_blocked, id=6944, stack(0x000000f38ff00000,0x000000f390000000)]
=>0x0000021178377c60 JavaThread "C2 CompilerThread0" daemon [_thread_in_native, id=20984, stack(0x000000f390000000,0x000000f390100000)]
  0x000002117837a710 JavaThread "C1 CompilerThread0" daemon [_thread_blocked, id=2896, stack(0x000000f390100000,0x000000f390200000)]
  0x000002117838c7e0 JavaThread "Sweeper thread" daemon [_thread_blocked, id=1260, stack(0x000000f390200000,0x000000f390300000)]
  0x0000021178e4dbb0 JavaThread "Notification Thread" daemon [_thread_blocked, id=16852, stack(0x000000f390300000,0x000000f390400000)]
  0x0000021178e86030 JavaThread "Common-Cleaner" daemon [_thread_blocked, id=11448, stack(0x000000f390500000,0x000000f390600000)]
  0x0000021178ed9760 JavaThread "ForkJoinPool.commonPool-worker-1" daemon [_thread_blocked, id=23196, stack(0x000000f390600000,0x000000f390700000)]
  0x000002117941bbb0 JavaThread "HttpClient-1-SelectorManager" daemon [_thread_in_native, id=8444, stack(0x000000f390700000,0x000000f390800000)]
  0x00000211793275f0 JavaThread "External Process Output Forwarder - C:\Users\HARSHITHA\.cache\selenium\chromedriver\win64\120.0.6099.71\chromedriver.exe" [_thread_in_native, id=22988, stack(0x000000f390800000,0x000000f390900000)]
  0x0000021179327ac0 JavaThread "Driver Service Executor" daemon [_thread_blocked, id=21036, stack(0x000000f390900000,0x000000f390a00000)]
  0x0000021179328390 JavaThread "Driver Service Executor" daemon [_thread_in_native, id=21164, stack(0x000000f390a00000,0x000000f390b00000)]
  0x000002117934f090 JavaThread "UrlChecker-2" daemon [_thread_blocked, id=12016, stack(0x000000f391200000,0x000000f391300000)]
  0x0000021179774020 JavaThread "Keep-Alive-Timer" daemon [_thread_blocked, id=9436, stack(0x000000f391400000,0x000000f391500000)]
  0x00000211794f7980 JavaThread "pool-1-thread-1" [_thread_blocked, id=14568, stack(0x000000f391500000,0x000000f391600000)]
  0x00000211794912b0 JavaThread "pool-1-thread-2" [_thread_blocked, id=10020, stack(0x000000f391600000,0x000000f391700000)]
  0x0000021179492120 JavaThread "pool-1-thread-3" [_thread_blocked, id=10304, stack(0x000000f391700000,0x000000f391800000)]

Other Threads:
  0x000002117831c350 VMThread "VM Thread" [stack: 0x000000f38f900000,0x000000f38fa00000] [id=6440]
  0x0000021178e4e490 WatcherThread [stack: 0x000000f390400000,0x000000f390500000] [id=13488]
  0x000002116dc9e690 GCTaskThread "GC Thread#0" [stack: 0x000000f38f400000,0x000000f38f500000] [id=19164]
  0x0000021179381c70 GCTaskThread "GC Thread#1" [stack: 0x000000f390b00000,0x000000f390c00000] [id=16072]
  0x0000021179381f20 GCTaskThread "GC Thread#2" [stack: 0x000000f390c00000,0x000000f390d00000] [id=15264]
  0x00000211793821d0 GCTaskThread "GC Thread#3" [stack: 0x000000f390d00000,0x000000f390e00000] [id=19600]
  0x0000021179361040 GCTaskThread "GC Thread#4" [stack: 0x000000f390e00000,0x000000f390f00000] [id=6900]
  0x0000021179362710 GCTaskThread "GC Thread#5" [stack: 0x000000f390f00000,0x000000f391000000] [id=23180]
  0x00000211793629c0 GCTaskThread "GC Thread#6" [stack: 0x000000f391000000,0x000000f391100000] [id=17752]
  0x000002117936d2a0 GCTaskThread "GC Thread#7" [stack: 0x000000f391100000,0x000000f391200000] [id=9888]
  0x000002116dca74f0 ConcurrentGCThread "G1 Main Marker" [stack: 0x000000f38f500000,0x000000f38f600000] [id=23236]
  0x000002116dca7f00 ConcurrentGCThread "G1 Conc#0" [stack: 0x000000f38f600000,0x000000f38f700000] [id=18460]
  0x000002116dcf6040 ConcurrentGCThread "G1 Refine#0" [stack: 0x000000f38f700000,0x000000f38f800000] [id=2084]
  0x000002116dcf6a60 ConcurrentGCThread "G1 Service" [stack: 0x000000f38f800000,0x000000f38f900000] [id=12176]

Threads with active compile tasks:
C2 CompilerThread0    10752 1656       4       java.util.jar.JarFile::getEntry (35 bytes)

VM state: not at safepoint (normal execution)

VM Mutex/Monitor currently owned by a thread: None

Heap address: 0x00000000c4400000, size: 956 MB, Compressed Oops mode: 32-bit

CDS archive(s) not mapped
Compressed class space mapped at: 0x0000000100000000-0x0000000140000000, reserved size: 1073741824
Narrow klass base: 0x0000000000000000, Narrow klass shift: 3, Narrow klass range: 0x140000000

GC Precious Log:
 CPUs: 8 total, 8 available
 Memory: 3818M
 Large Page Support: Disabled
 NUMA Support: Disabled
 Compressed Oops: Enabled (32-bit)
 Heap Region Size: 1M
 Heap Min Capacity: 8M
 Heap Initial Capacity: 60M
 Heap Max Capacity: 956M
 Pre-touch: Disabled
 Parallel Workers: 8
 Concurrent Workers: 2
 Concurrent Refinement Workers: 8
 Periodic GC: Disabled

Heap:
 garbage-first heap   total 61440K, used 16176K [0x00000000c4400000, 0x0000000100000000)
  region size 1024K, 15 young (15360K), 3 survivors (3072K)
 Metaspace       used 20426K, committed 20672K, reserved 1073152K
  class space    used 2219K, committed 2304K, reserved 1048576K

Heap Regions: E=young(eden), S=young(survivor), O=old, HS=humongous(starts), HC=humongous(continues), CS=collection set, F=free, OA=open archive, CA=closed archive, TAMS=top-at-mark-start (previous, next)
|   0|0x00000000c4400000, 0x00000000c4500000, 0x00000000c4500000|100%| O|  |TAMS 0x00000000c4400000, 0x00000000c4400000| Untracked 
|   1|0x00000000c4500000, 0x00000000c4600000, 0x00000000c4600000|100%| O|  |TAMS 0x00000000c4500000, 0x00000000c4500000| Untracked 
|   2|0x00000000c4600000, 0x00000000c46cc000, 0x00000000c4700000| 79%| O|  |TAMS 0x00000000c4600000, 0x00000000c4600000| Untracked 
|   3|0x00000000c4700000, 0x00000000c4700000, 0x00000000c4800000|  0%| F|  |TAMS 0x00000000c4700000, 0x00000000c4700000| Untracked 
|   4|0x00000000c4800000, 0x00000000c4800000, 0x00000000c4900000|  0%| F|  |TAMS 0x00000000c4800000, 0x00000000c4800000| Untracked 
|   5|0x00000000c4900000, 0x00000000c4900000, 0x00000000c4a00000|  0%| F|  |TAMS 0x00000000c4900000, 0x00000000c4900000| Untracked 
|   6|0x00000000c4a00000, 0x00000000c4a00000, 0x00000000c4b00000|  0%| F|  |TAMS 0x00000000c4a00000, 0x00000000c4a00000| Untracked 
|   7|0x00000000c4b00000, 0x00000000c4b00000, 0x00000000c4c00000|  0%| F|  |TAMS 0x00000000c4b00000, 0x00000000c4b00000| Untracked 
|   8|0x00000000c4c00000, 0x00000000c4c00000, 0x00000000c4d00000|  0%| F|  |TAMS 0x00000000c4c00000, 0x00000000c4c00000| Untracked 
|   9|0x00000000c4d00000, 0x00000000c4d00000, 0x00000000c4e00000|  0%| F|  |TAMS 0x00000000c4d00000, 0x00000000c4d00000| Untracked 
|  10|0x00000000c4e00000, 0x00000000c4e00000, 0x00000000c4f00000|  0%| F|  |TAMS 0x00000000c4e00000, 0x00000000c4e00000| Untracked 
|  11|0x00000000c4f00000, 0x00000000c4f00000, 0x00000000c5000000|  0%| F|  |TAMS 0x00000000c4f00000, 0x00000000c4f00000| Untracked 
|  12|0x00000000c5000000, 0x00000000c5000000, 0x00000000c5100000|  0%| F|  |TAMS 0x00000000c5000000, 0x00000000c5000000| Untracked 
|  13|0x00000000c5100000, 0x00000000c5100000, 0x00000000c5200000|  0%| F|  |TAMS 0x00000000c5100000, 0x00000000c5100000| Untracked 
|  14|0x00000000c5200000, 0x00000000c5200000, 0x00000000c5300000|  0%| F|  |TAMS 0x00000000c5200000, 0x00000000c5200000| Untracked 
|  15|0x00000000c5300000, 0x00000000c5300000, 0x00000000c5400000|  0%| F|  |TAMS 0x00000000c5300000, 0x00000000c5300000| Untracked 
|  16|0x00000000c5400000, 0x00000000c5400000, 0x00000000c5500000|  0%| F|  |TAMS 0x00000000c5400000, 0x00000000c5400000| Untracked 
|  17|0x00000000c5500000, 0x00000000c5500000, 0x00000000c5600000|  0%| F|  |TAMS 0x00000000c5500000, 0x00000000c5500000| Untracked 
|  18|0x00000000c5600000, 0x00000000c5600000, 0x00000000c5700000|  0%| F|  |TAMS 0x00000000c5600000, 0x00000000c5600000| Untracked 
|  19|0x00000000c5700000, 0x00000000c5700000, 0x00000000c5800000|  0%| F|  |TAMS 0x00000000c5700000, 0x00000000c5700000| Untracked 
|  20|0x00000000c5800000, 0x00000000c5800000, 0x00000000c5900000|  0%| F|  |TAMS 0x00000000c5800000, 0x00000000c5800000| Untracked 
|  21|0x00000000c5900000, 0x00000000c5900000, 0x00000000c5a00000|  0%| F|  |TAMS 0x00000000c5900000, 0x00000000c5900000| Untracked 
|  22|0x00000000c5a00000, 0x00000000c5a00000, 0x00000000c5b00000|  0%| F|  |TAMS 0x00000000c5a00000, 0x00000000c5a00000| Untracked 
|  23|0x00000000c5b00000, 0x00000000c5b00000, 0x00000000c5c00000|  0%| F|  |TAMS 0x00000000c5b00000, 0x00000000c5b00000| Untracked 
|  24|0x00000000c5c00000, 0x00000000c5c00000, 0x00000000c5d00000|  0%| F|  |TAMS 0x00000000c5c00000, 0x00000000c5c00000| Untracked 
|  25|0x00000000c5d00000, 0x00000000c5d00000, 0x00000000c5e00000|  0%| F|  |TAMS 0x00000000c5d00000, 0x00000000c5d00000| Untracked 
|  26|0x00000000c5e00000, 0x00000000c5e00000, 0x00000000c5f00000|  0%| F|  |TAMS 0x00000000c5e00000, 0x00000000c5e00000| Untracked 
|  27|0x00000000c5f00000, 0x00000000c5f00000, 0x00000000c6000000|  0%| F|  |TAMS 0x00000000c5f00000, 0x00000000c5f00000| Untracked 
|  28|0x00000000c6000000, 0x00000000c6000000, 0x00000000c6100000|  0%| F|  |TAMS 0x00000000c6000000, 0x00000000c6000000| Untracked 
|  29|0x00000000c6100000, 0x00000000c6100000, 0x00000000c6200000|  0%| F|  |TAMS 0x00000000c6100000, 0x00000000c6100000| Untracked 
|  30|0x00000000c6200000, 0x00000000c6200000, 0x00000000c6300000|  0%| F|  |TAMS 0x00000000c6200000, 0x00000000c6200000| Untracked 
|  31|0x00000000c6300000, 0x00000000c6300000, 0x00000000c6400000|  0%| F|  |TAMS 0x00000000c6300000, 0x00000000c6300000| Untracked 
|  32|0x00000000c6400000, 0x00000000c6400000, 0x00000000c6500000|  0%| F|  |TAMS 0x00000000c6400000, 0x00000000c6400000| Untracked 
|  33|0x00000000c6500000, 0x00000000c6500000, 0x00000000c6600000|  0%| F|  |TAMS 0x00000000c6500000, 0x00000000c6500000| Untracked 
|  34|0x00000000c6600000, 0x00000000c6700000, 0x00000000c6700000|100%| S|CS|TAMS 0x00000000c6600000, 0x00000000c6600000| Complete 
|  35|0x00000000c6700000, 0x00000000c6800000, 0x00000000c6800000|100%| S|CS|TAMS 0x00000000c6700000, 0x00000000c6700000| Complete 
|  36|0x00000000c6800000, 0x00000000c6900000, 0x00000000c6900000|100%| S|CS|TAMS 0x00000000c6800000, 0x00000000c6800000| Complete 
|  37|0x00000000c6900000, 0x00000000c6900000, 0x00000000c6a00000|  0%| F|  |TAMS 0x00000000c6900000, 0x00000000c6900000| Untracked 
|  38|0x00000000c6a00000, 0x00000000c6a00000, 0x00000000c6b00000|  0%| F|  |TAMS 0x00000000c6a00000, 0x00000000c6a00000| Untracked 
|  39|0x00000000c6b00000, 0x00000000c6b00000, 0x00000000c6c00000|  0%| F|  |TAMS 0x00000000c6b00000, 0x00000000c6b00000| Untracked 
|  40|0x00000000c6c00000, 0x00000000c6c00000, 0x00000000c6d00000|  0%| F|  |TAMS 0x00000000c6c00000, 0x00000000c6c00000| Untracked 
|  41|0x00000000c6d00000, 0x00000000c6d00000, 0x00000000c6e00000|  0%| F|  |TAMS 0x00000000c6d00000, 0x00000000c6d00000| Untracked 
|  42|0x00000000c6e00000, 0x00000000c6e00000, 0x00000000c6f00000|  0%| F|  |TAMS 0x00000000c6e00000, 0x00000000c6e00000| Untracked 
|  43|0x00000000c6f00000, 0x00000000c6f00000, 0x00000000c7000000|  0%| F|  |TAMS 0x00000000c6f00000, 0x00000000c6f00000| Untracked 
|  44|0x00000000c7000000, 0x00000000c7000000, 0x00000000c7100000|  0%| F|  |TAMS 0x00000000c7000000, 0x00000000c7000000| Untracked 
|  45|0x00000000c7100000, 0x00000000c7100000, 0x00000000c7200000|  0%| F|  |TAMS 0x00000000c7100000, 0x00000000c7100000| Untracked 
|  46|0x00000000c7200000, 0x00000000c7200000, 0x00000000c7300000|  0%| F|  |TAMS 0x00000000c7200000, 0x00000000c7200000| Untracked 
|  47|0x00000000c7300000, 0x00000000c7300000, 0x00000000c7400000|  0%| F|  |TAMS 0x00000000c7300000, 0x00000000c7300000| Untracked 
|  48|0x00000000c7400000, 0x00000000c7500000, 0x00000000c7500000|100%| E|  |TAMS 0x00000000c7400000, 0x00000000c7400000| Complete 
|  49|0x00000000c7500000, 0x00000000c7600000, 0x00000000c7600000|100%| E|CS|TAMS 0x00000000c7500000, 0x00000000c7500000| Complete 
|  50|0x00000000c7600000, 0x00000000c7700000, 0x00000000c7700000|100%| E|CS|TAMS 0x00000000c7600000, 0x00000000c7600000| Complete 
|  51|0x00000000c7700000, 0x00000000c7800000, 0x00000000c7800000|100%| E|CS|TAMS 0x00000000c7700000, 0x00000000c7700000| Complete 
|  52|0x00000000c7800000, 0x00000000c7900000, 0x00000000c7900000|100%| E|CS|TAMS 0x00000000c7800000, 0x00000000c7800000| Complete 
|  53|0x00000000c7900000, 0x00000000c7a00000, 0x00000000c7a00000|100%| E|  |TAMS 0x00000000c7900000, 0x00000000c7900000| Complete 
|  54|0x00000000c7a00000, 0x00000000c7b00000, 0x00000000c7b00000|100%| E|CS|TAMS 0x00000000c7a00000, 0x00000000c7a00000| Complete 
|  55|0x00000000c7b00000, 0x00000000c7c00000, 0x00000000c7c00000|100%| E|CS|TAMS 0x00000000c7b00000, 0x00000000c7b00000| Complete 
|  56|0x00000000c7c00000, 0x00000000c7d00000, 0x00000000c7d00000|100%| E|CS|TAMS 0x00000000c7c00000, 0x00000000c7c00000| Complete 
|  57|0x00000000c7d00000, 0x00000000c7e00000, 0x00000000c7e00000|100%| E|CS|TAMS 0x00000000c7d00000, 0x00000000c7d00000| Complete 
|  58|0x00000000c7e00000, 0x00000000c7f00000, 0x00000000c7f00000|100%| E|CS|TAMS 0x00000000c7e00000, 0x00000000c7e00000| Complete 
|  59|0x00000000c7f00000, 0x00000000c8000000, 0x00000000c8000000|100%| E|CS|TAMS 0x00000000c7f00000, 0x00000000c7f00000| Complete 

Card table byte_map: [0x0000021173740000,0x0000021173920000] _byte_map_base: 0x000002117311e000

Marking Bits (Prev, Next): (CMBitMap*) 0x000002116dc9eca0, (CMBitMap*) 0x000002116dc9ece0
 Prev Bits: [0x0000021173b00000, 0x00000211749f0000)
 Next Bits: [0x00000211749f0000, 0x00000211758e0000)

Polling page: 0x0000021172ac0000

Metaspace:

Usage:
  Non-class:     17.78 MB used.
      Class:      2.17 MB used.
       Both:     19.95 MB used.

Virtual space:
  Non-class space:       24.00 MB reserved,      17.94 MB ( 75%) committed,  3 nodes.
      Class space:        1.00 GB reserved,       2.25 MB ( <1%) committed,  1 nodes.
             Both:        1.02 GB reserved,      20.19 MB (  2%) committed. 

Chunk freelists:
   Non-Class:  1.42 MB
       Class:  1.75 MB
        Both:  3.17 MB

MaxMetaspaceSize: unlimited
CompressedClassSpaceSize: 1.00 GB
Initial GC threshold: 21.00 MB
Current GC threshold: 21.00 MB
CDS: off
MetaspaceReclaimPolicy: balanced
 - commit_granule_bytes: 65536.
 - commit_granule_words: 8192.
 - virtual_space_node_default_size: 1048576.
 - enlarge_chunks_in_place: 1.
 - new_chunks_are_fully_committed: 0.
 - uncommit_free_chunks: 1.
 - use_allocation_guard: 0.
 - handle_deallocations: 1.


Internal statistics:

num_allocs_failed_limit: 0.
num_arena_births: 200.
num_arena_deaths: 0.
num_vsnodes_births: 4.
num_vsnodes_deaths: 0.
num_space_committed: 323.
num_space_uncommitted: 0.
num_chunks_returned_to_freelist: 0.
num_chunks_taken_from_freelist: 494.
num_chunk_merges: 0.
num_chunk_splits: 288.
num_chunks_enlarged: 187.
num_purges: 0.
num_inconsistent_stats: 0.

CodeHeap 'non-profiled nmethods': size=120000Kb used=499Kb max_used=499Kb free=119500Kb
 bounds [0x0000021107ad0000, 0x0000021107d40000, 0x000002110f000000]
CodeHeap 'profiled nmethods': size=120000Kb used=3188Kb max_used=3188Kb free=116812Kb
 bounds [0x00000211005a0000, 0x00000211008c0000, 0x0000021107ad0000]
CodeHeap 'non-nmethods': size=5760Kb used=1225Kb max_used=1237Kb free=4534Kb
 bounds [0x0000021100000000, 0x0000021100270000, 0x00000211005a0000]
 total_blobs=2202 nmethods=1684 adapters=431
 compilation: enabled
              stopped_count=0, restarted_count=0
 full_count=0

Compilation events (20 events):
Event: 10.704 Thread 0x000002117837a710 nmethod 1673 0x00000211008b2410 code [0x00000211008b2620, 0x00000211008b2c88]
Event: 10.704 Thread 0x000002117837a710 1674       3       java.util.jar.JavaUtilJarAccessImpl::ensureInitialization (5 bytes)
Event: 10.704 Thread 0x000002117837a710 nmethod 1674 0x00000211008b2f90 code [0x00000211008b3140, 0x00000211008b3308]
Event: 10.704 Thread 0x000002117837a710 1675  s!   3       java.util.jar.JarFile::ensureInitialization (74 bytes)
Event: 10.705 Thread 0x000002117837a710 nmethod 1675 0x00000211008b3410 code [0x00000211008b3620, 0x00000211008b3c38]
Event: 10.705 Thread 0x000002117837a710 1676       3       java.util.jar.JavaUtilJarAccessImpl::getTrustedAttributes (6 bytes)
Event: 10.705 Thread 0x000002117837a710 nmethod 1676 0x00000211008b3e10 code [0x00000211008b3fc0, 0x00000211008b4108]
Event: 10.705 Thread 0x000002117837a710 1677       3       java.util.jar.Manifest::getTrustedAttributes (57 bytes)
Event: 10.705 Thread 0x000002117837a710 nmethod 1677 0x00000211008b4210 code [0x00000211008b4480, 0x00000211008b4dd8]
Event: 10.705 Thread 0x000002117837a710 1678       3       jdk.internal.loader.URLClassPath$JarLoader$2::getInputStream (15 bytes)
Event: 10.705 Thread 0x000002117837a710 nmethod 1678 0x00000211008b5110 code [0x00000211008b52c0, 0x00000211008b54a8]
Event: 10.705 Thread 0x000002117837a710 1679       3       jdk.internal.loader.URLClassPath$JarLoader$2::getBytes (48 bytes)
Event: 10.706 Thread 0x000002117837a710 nmethod 1679 0x00000211008b5590 code [0x00000211008b5780, 0x00000211008b5d88]
Event: 10.706 Thread 0x000002117837a710 1680       3       jdk.internal.loader.URLClassPath$JarLoader$2::getContentLength (9 bytes)
Event: 10.706 Thread 0x000002117837a710 nmethod 1680 0x00000211008b6010 code [0x00000211008b61a0, 0x00000211008b6358]
Event: 10.706 Thread 0x000002117837a710 1681       3       java.util.zip.CRC32::<init> (5 bytes)
Event: 10.706 Thread 0x000002117837a710 nmethod 1681 0x00000211008b6410 code [0x00000211008b65a0, 0x00000211008b66f8]
Event: 10.706 Thread 0x000002117837a710 1682       3       jdk.internal.loader.BuiltinClassLoader::isSealed (71 bytes)
Event: 10.707 Thread 0x000002117837a710 nmethod 1682 0x00000211008b6790 code [0x00000211008b6ba0, 0x00000211008b86c8]
Event: 10.707 Thread 0x000002117837a710 1683       3       java.lang.ClassLoader::definePackage (85 bytes)

GC Heap History (2 events):
Event: 10.101 GC heap before
{Heap before GC invocations=0 (full 0):
 garbage-first heap   total 61440K, used 22528K [0x00000000c4400000, 0x0000000100000000)
  region size 1024K, 23 young (23552K), 0 survivors (0K)
 Metaspace       used 16873K, committed 17152K, reserved 1064960K
  class space    used 1731K, committed 1856K, reserved 1048576K
}
Event: 10.119 GC heap after
{Heap after GC invocations=1 (full 0):
 garbage-first heap   total 61440K, used 5936K [0x00000000c4400000, 0x0000000100000000)
  region size 1024K, 3 young (3072K), 3 survivors (3072K)
 Metaspace       used 16873K, committed 17152K, reserved 1064960K
  class space    used 1731K, committed 1856K, reserved 1048576K
}

Dll operation events (7 events):
Event: 0.012 Loaded shared library C:\Users\HARSHITHA\Downloads\eclipse-jee-2022-12-R-win32-x86_64 (1)\eclipse\plugins\org.eclipse.justj.openjdk.hotspot.jre.full.win32.x86_64_17.0.5.v20221102-0933\jre\bin\java.dll
Event: 0.108 Loaded shared library C:\Users\HARSHITHA\Downloads\eclipse-jee-2022-12-R-win32-x86_64 (1)\eclipse\plugins\org.eclipse.justj.openjdk.hotspot.jre.full.win32.x86_64_17.0.5.v20221102-0933\jre\bin\verify.dll
Event: 0.125 Loaded shared library C:\Users\HARSHITHA\Downloads\eclipse-jee-2022-12-R-win32-x86_64 (1)\eclipse\plugins\org.eclipse.justj.openjdk.hotspot.jre.full.win32.x86_64_17.0.5.v20221102-0933\jre\bin\net.dll
Event: 0.133 Loaded shared library C:\Users\HARSHITHA\Downloads\eclipse-jee-2022-12-R-win32-x86_64 (1)\eclipse\plugins\org.eclipse.justj.openjdk.hotspot.jre.full.win32.x86_64_17.0.5.v20221102-0933\jre\bin\nio.dll
Event: 0.142 Loaded shared library C:\Users\HARSHITHA\Downloads\eclipse-jee-2022-12-R-win32-x86_64 (1)\eclipse\plugins\org.eclipse.justj.openjdk.hotspot.jre.full.win32.x86_64_17.0.5.v20221102-0933\jre\bin\zip.dll
Event: 0.239 Loaded shared library C:\Users\HARSHITHA\Downloads\eclipse-jee-2022-12-R-win32-x86_64 (1)\eclipse\plugins\org.eclipse.justj.openjdk.hotspot.jre.full.win32.x86_64_17.0.5.v20221102-0933\jre\bin\jimage.dll
Event: 9.405 Loaded shared library C:\Users\HARSHITHA\Downloads\eclipse-jee-2022-12-R-win32-x86_64 (1)\eclipse\plugins\org.eclipse.justj.openjdk.hotspot.jre.full.win32.x86_64_17.0.5.v20221102-0933\jre\bin\sunmscapi.dll

Deoptimization events (20 events):
Event: 9.185 Thread 0x000002116dc60c10 DEOPT PACKING pc=0x00000211007643be sp=0x000000f38f3fc770
Event: 9.185 Thread 0x000002116dc60c10 DEOPT UNPACKING pc=0x00000211000566e3 sp=0x000000f38f3fbbf0 mode 0
Event: 9.185 Thread 0x000002116dc60c10 DEOPT PACKING pc=0x00000211007643be sp=0x000000f38f3fc7e0
Event: 9.185 Thread 0x000002116dc60c10 DEOPT UNPACKING pc=0x00000211000566e3 sp=0x000000f38f3fbc60 mode 0
Event: 9.186 Thread 0x000002116dc60c10 DEOPT PACKING pc=0x00000211007643be sp=0x000000f38f3fc7e0
Event: 9.186 Thread 0x000002116dc60c10 DEOPT UNPACKING pc=0x00000211000566e3 sp=0x000000f38f3fbc60 mode 0
Event: 9.341 Thread 0x000002116dc60c10 Uncommon trap: trap_request=0xffffff45 fr.pc=0x0000021107b2f474 relative=0x0000000000000074
Event: 9.341 Thread 0x000002116dc60c10 Uncommon trap: reason=unstable_if action=reinterpret pc=0x0000021107b2f474 method=jdk.internal.misc.Unsafe.convEndian(ZI)I @ 4 c2
Event: 9.341 Thread 0x000002116dc60c10 DEOPT PACKING pc=0x0000021107b2f474 sp=0x000000f38f3fda00
Event: 9.341 Thread 0x000002116dc60c10 DEOPT UNPACKING pc=0x0000021100055ba3 sp=0x000000f38f3fd930 mode 2
Event: 10.121 Thread 0x0000021179327ac0 Uncommon trap: trap_request=0xffffff45 fr.pc=0x0000021107b14e30 relative=0x0000000000000170
Event: 10.121 Thread 0x0000021179327ac0 Uncommon trap: reason=unstable_if action=reinterpret pc=0x0000021107b14e30 method=java.util.concurrent.ConcurrentHashMap.addCount(JI)V @ 121 c2
Event: 10.122 Thread 0x0000021179327ac0 DEOPT PACKING pc=0x0000021107b14e30 sp=0x000000f3909fd5a0
Event: 10.122 Thread 0x0000021179327ac0 DEOPT UNPACKING pc=0x0000021100055ba3 sp=0x000000f3909fd500 mode 2
Event: 10.392 Thread 0x000002117941bbb0 Uncommon trap: trap_request=0xffffff45 fr.pc=0x0000021107b3019c relative=0x000000000000015c
Event: 10.392 Thread 0x000002117941bbb0 Uncommon trap: reason=unstable_if action=reinterpret pc=0x0000021107b3019c method=java.lang.invoke.VarHandle.checkExactAccessMode(Ljava/lang/invoke/VarHandle$AccessDescriptor;)V @ 4 c2
Event: 10.392 Thread 0x000002117941bbb0 DEOPT PACKING pc=0x0000021107b3019c sp=0x000000f3907fef70
Event: 10.392 Thread 0x000002117941bbb0 DEOPT UNPACKING pc=0x0000021100055ba3 sp=0x000000f3907feeb0 mode 2
Event: 10.676 Thread 0x000002116dc60c10 DEOPT PACKING pc=0x0000021100687877 sp=0x000000f38f3f92a0
Event: 10.676 Thread 0x000002116dc60c10 DEOPT UNPACKING pc=0x00000211000566e3 sp=0x000000f38f3f8700 mode 0

Classes unloaded (0 events):
No events

Classes redefined (0 events):
No events

Internal exceptions (20 events):
Event: 9.090 Thread 0x000002116dc60c10 Exception <a 'java/lang/NoSuchMethodError'{0x00000000c73a9b28}: 'int java.lang.invoke.DirectMethodHandle$Holder.invokeStaticInit(java.lang.Object, java.lang.Object, java.lang.Object, java.lang.Object)'> (0x00000000c73a9b28) 
thrown [s\src\hotspot\share\interpreter\linkResolver.cpp, line 759]
Event: 9.091 Thread 0x000002116dc60c10 Exception <a 'java/lang/IncompatibleClassChangeError'{0x00000000c73b2cd0}: Found class java.lang.Object, but interface was expected> (0x00000000c73b2cd0) 
thrown [s\src\hotspot\share\interpreter\linkResolver.cpp, line 826]
Event: 9.208 Thread 0x000002116dc60c10 Exception <a 'java/lang/NoSuchMethodError'{0x00000000c6db6280}: 'java.lang.Object java.lang.invoke.DirectMethodHandle$Holder.invokeStaticInit(java.lang.Object, int, int, int, int)'> (0x00000000c6db6280) 
thrown [s\src\hotspot\share\interpreter\linkResolver.cpp, line 759]
Event: 9.336 Thread 0x000002116dc60c10 Exception <a 'java/lang/NoSuchMethodError'{0x00000000c6c4e208}: 'java.lang.Object java.lang.invoke.DirectMethodHandle$Holder.invokeStaticInit(java.lang.Object, java.lang.Object, int, int, int, int)'> (0x00000000c6c4e208) 
thrown [s\src\hotspot\share\interpreter\linkResolver.cpp, line 759]
Event: 9.584 Thread 0x000002116dc60c10 Exception <a 'java/lang/NoSuchMethodError'{0x00000000c6ae0828}: 'java.lang.Object java.lang.invoke.DirectMethodHandle$Holder.invokeInterface(java.lang.Object, java.lang.Object, java.lang.Object)'> (0x00000000c6ae0828) 
thrown [s\src\hotspot\share\interpreter\linkResolver.cpp, line 759]
Event: 9.585 Thread 0x000002116dc60c10 Exception <a 'java/lang/IncompatibleClassChangeError'{0x00000000c6ae3ef0}: Found class java.lang.Object, but interface was expected> (0x00000000c6ae3ef0) 
thrown [s\src\hotspot\share\interpreter\linkResolver.cpp, line 826]
Event: 9.586 Thread 0x000002116dc60c10 Exception <a 'java/lang/NoSuchMethodError'{0x00000000c6aec0f0}: 'int java.lang.invoke.DirectMethodHandle$Holder.invokeSpecialIFC(java.lang.Object, java.lang.Object, java.lang.Object, java.lang.Object)'> (0x00000000c6aec0f0) 
thrown [s\src\hotspot\share\interpreter\linkResolver.cpp, line 759]
Event: 9.596 Thread 0x000002116dc60c10 Exception <a 'java/lang/NoSuchMethodError'{0x00000000c694f458}: 'java.lang.Object java.lang.invoke.DirectMethodHandle$Holder.invokeVirtual(java.lang.Object, java.lang.Object, java.lang.Object, java.lang.Object)'> (0x00000000c694f458) 
thrown [s\src\hotspot\share\interpreter\linkResolver.cpp, line 759]
Event: 10.136 Thread 0x000002117934f090 Exception <a 'java/net/ConnectException'{0x00000000c7f7ebc8}: Connection refused: no further information> (0x00000000c7f7ebc8) 
thrown [s\src\hotspot\share\prims\jni.cpp, line 535]
Event: 10.136 Thread 0x000002117934f090 Exception <a 'java/net/SocketException'{0x00000000c7f7ef00}: Socket is not connected: shutdown> (0x00000000c7f7ef00) 
thrown [s\src\hotspot\share\prims\jni.cpp, line 535]
Event: 10.160 Thread 0x000002117934f090 Exception <a 'java/net/ConnectException'{0x00000000c7f7fef8}: Connection refused: no further information> (0x00000000c7f7fef8) 
thrown [s\src\hotspot\share\prims\jni.cpp, line 535]
Event: 10.160 Thread 0x000002117934f090 Exception <a 'java/net/SocketException'{0x00000000c7f80230}: Socket is not connected: shutdown> (0x00000000c7f80230) 
thrown [s\src\hotspot\share\prims\jni.cpp, line 535]
Event: 10.229 Thread 0x000002116dc60c10 Exception <a 'java/lang/NoSuchMethodError'{0x00000000c7eb5cd0}: 'java.lang.Object java.lang.invoke.DirectMethodHandle$Holder.newInvokeSpecial(java.lang.Object, java.lang.Object, int, int)'> (0x00000000c7eb5cd0) 
thrown [s\src\hotspot\share\interpreter\linkResolver.cpp, line 759]
Event: 10.230 Thread 0x000002116dc60c10 Exception <a 'java/lang/NoSuchMethodError'{0x00000000c7ec0770}: 'void java.lang.invoke.DirectMethodHandle$Holder.invokeStatic(java.lang.Object, java.lang.Object, int)'> (0x00000000c7ec0770) 
thrown [s\src\hotspot\share\interpreter\linkResolver.cpp, line 759]
Event: 10.262 Thread 0x000002116dc60c10 Exception <a 'java/lang/NoSuchMethodError'{0x00000000c7db72e8}: 'java.lang.Object java.lang.invoke.DirectMethodHandle$Holder.newInvokeSpecial(java.lang.Object, java.lang.Object, java.lang.Object, java.lang.Object, java.lang.Object)'> (0x00000000c7db72e8) 
thrown [s\src\hotspot\share\interpreter\linkResolver.cpp, line 759]
Event: 10.321 Thread 0x000002116dc60c10 Exception <a 'java/lang/NoSuchMethodError'{0x00000000c7bf2f28}: 'void java.lang.invoke.DirectMethodHandle$Holder.invokeSpecial(java.lang.Object, java.lang.Object, java.lang.Object)'> (0x00000000c7bf2f28) 
thrown [s\src\hotspot\share\interpreter\linkResolver.cpp, line 759]
Event: 10.364 Thread 0x00000211794f7980 Exception <a 'java/lang/NoSuchMethodError'{0x00000000c7866158}: 'java.lang.Object java.lang.invoke.DirectMethodHandle$Holder.invokeSpecial(java.lang.Object, java.lang.Object, java.lang.Object, java.lang.Object, int)'> (0x00000000c7866158) 
thrown [s\src\hotspot\share\interpreter\linkResolver.cpp, line 759]
Event: 10.364 Thread 0x00000211794f7980 Exception <a 'java/lang/NoSuchMethodError'{0x00000000c7869d20}: 'java.lang.Object java.lang.invoke.Invokers$Holder.linkToTargetMethod(java.lang.Object, java.lang.Object, int, java.lang.Object)'> (0x00000000c7869d20) 
thrown [s\src\hotspot\share\interpreter\linkResolver.cpp, line 759]
Event: 10.383 Thread 0x00000211794f7980 Exception <a 'java/lang/NoSuchMethodError'{0x00000000c77b7390}: 'void java.lang.invoke.DirectMethodHandle$Holder.invokeSpecial(java.lang.Object, java.lang.Object, java.lang.Object, java.lang.Object, java.lang.Object)'> (0x00000000c77b7390) 
thrown [s\src\hotspot\share\interpreter\linkResolver.cpp, line 759]
Event: 10.660 Thread 0x00000211794f7980 Exception <a 'java/lang/NoSuchMethodError'{0x00000000c753e198}: 'void java.lang.invoke.DirectMethodHandle$Holder.invokeSpecial(java.lang.Object, java.lang.Object, java.lang.Object, java.lang.Object, java.lang.Object, java.lang.Object, java.lang.Object)'> (0x00000000c753e198) 
thrown [s\src\hotspot\share\interpreter\linkResolver.cpp, line 759]

VM Operations (20 events):
Event: 0.485 Executing VM operation: HandshakeAllThreads
Event: 0.485 Executing VM operation: HandshakeAllThreads done
Event: 1.497 Executing VM operation: Cleanup
Event: 1.498 Executing VM operation: Cleanup done
Event: 8.813 Executing VM operation: HandshakeAllThreads
Event: 8.814 Executing VM operation: HandshakeAllThreads done
Event: 8.814 Executing VM operation: Cleanup
Event: 8.814 Executing VM operation: Cleanup done
Event: 8.964 Executing VM operation: HandshakeAllThreads
Event: 8.964 Executing VM operation: HandshakeAllThreads done
Event: 9.353 Executing VM operation: HandshakeAllThreads
Event: 9.353 Executing VM operation: HandshakeAllThreads done
Event: 10.100 Executing VM operation: G1CollectForAllocation
Event: 10.120 Executing VM operation: G1CollectForAllocation done
Event: 10.195 Executing VM operation: HandshakeAllThreads
Event: 10.195 Executing VM operation: HandshakeAllThreads done
Event: 10.196 Executing VM operation: HandshakeAllThreads
Event: 10.196 Executing VM operation: HandshakeAllThreads done
Event: 10.648 Executing VM operation: HandshakeAllThreads
Event: 10.648 Executing VM operation: HandshakeAllThreads done

Events (20 events):
Event: 10.652 loading class java/util/stream/ReferencePipeline$5
Event: 10.652 loading class java/util/stream/LongPipeline$StatelessOp
Event: 10.653 loading class java/util/stream/LongPipeline
Event: 10.653 loading class java/util/stream/LongStream
Event: 10.653 loading class java/util/stream/LongStream done
Event: 10.653 loading class java/util/stream/LongPipeline done
Event: 10.653 loading class java/util/stream/LongPipeline$StatelessOp done
Event: 10.653 loading class java/util/stream/ReferencePipeline$5 done
Event: 10.653 loading class java/util/stream/FindOps$FindSink$OfLong
Event: 10.654 loading class java/util/stream/Sink$OfLong
Event: 10.654 loading class java/util/function/LongConsumer
Event: 10.654 loading class java/util/function/LongConsumer done
Event: 10.654 loading class java/util/stream/Sink$OfLong done
Event: 10.654 loading class java/util/stream/FindOps$FindSink$OfLong done
Event: 10.654 loading class java/util/OptionalLong
Event: 10.654 loading class java/util/OptionalLong done
Event: 10.655 loading class java/util/stream/ReferencePipeline$5$1
Event: 10.655 loading class java/util/stream/ReferencePipeline$5$1 done
Event: 10.691 loading class java/util/DualPivotQuicksort
Event: 10.692 loading class java/util/DualPivotQuicksort done


Dynamic libraries:
0x00007ff7e8cb0000 - 0x00007ff7e8cbe000 	C:\Users\HARSHITHA\Downloads\eclipse-jee-2022-12-R-win32-x86_64 (1)\eclipse\plugins\org.eclipse.justj.openjdk.hotspot.jre.full.win32.x86_64_17.0.5.v20221102-0933\jre\bin\javaw.exe
0x00007fffeff70000 - 0x00007ffff0187000 	C:\WINDOWS\SYSTEM32\ntdll.dll
0x00007fffef1f0000 - 0x00007fffef2b4000 	C:\WINDOWS\System32\KERNEL32.DLL
0x00007fffed700000 - 0x00007fffedaa5000 	C:\WINDOWS\System32\KERNELBASE.dll
0x00007fffed2e0000 - 0x00007fffed3f1000 	C:\WINDOWS\System32\ucrtbase.dll
0x00007fffd9ae0000 - 0x00007fffd9af7000 	C:\Users\HARSHITHA\Downloads\eclipse-jee-2022-12-R-win32-x86_64 (1)\eclipse\plugins\org.eclipse.justj.openjdk.hotspot.jre.full.win32.x86_64_17.0.5.v20221102-0933\jre\bin\jli.dll
0x00007fffd9b40000 - 0x00007fffd9b59000 	C:\Users\HARSHITHA\Downloads\eclipse-jee-2022-12-R-win32-x86_64 (1)\eclipse\plugins\org.eclipse.justj.openjdk.hotspot.jre.full.win32.x86_64_17.0.5.v20221102-0933\jre\bin\VCRUNTIME140.dll
0x00007fffef2c0000 - 0x00007fffef46e000 	C:\WINDOWS\System32\USER32.dll
0x00007fffed540000 - 0x00007fffed566000 	C:\WINDOWS\System32\win32u.dll
0x00007fffec4a0000 - 0x00007fffec733000 	C:\WINDOWS\WinSxS\amd64_microsoft.windows.common-controls_6595b64144ccf1df_6.0.22621.2506_none_270c5ae97388e100\COMCTL32.dll
0x00007fffef1b0000 - 0x00007fffef1d9000 	C:\WINDOWS\System32\GDI32.dll
0x00007fffed5e0000 - 0x00007fffed6f9000 	C:\WINDOWS\System32\gdi32full.dll
0x00007fffefcd0000 - 0x00007fffefd77000 	C:\WINDOWS\System32\msvcrt.dll
0x00007fffedab0000 - 0x00007fffedb4a000 	C:\WINDOWS\System32\msvcp_win.dll
0x00007fffef470000 - 0x00007fffef4a1000 	C:\WINDOWS\System32\IMM32.DLL
0x00007fffe33d0000 - 0x00007fffe33dc000 	C:\Users\HARSHITHA\Downloads\eclipse-jee-2022-12-R-win32-x86_64 (1)\eclipse\plugins\org.eclipse.justj.openjdk.hotspot.jre.full.win32.x86_64_17.0.5.v20221102-0933\jre\bin\vcruntime140_1.dll
0x00007fffd0710000 - 0x00007fffd07a1000 	C:\Users\HARSHITHA\Downloads\eclipse-jee-2022-12-R-win32-x86_64 (1)\eclipse\plugins\org.eclipse.justj.openjdk.hotspot.jre.full.win32.x86_64_17.0.5.v20221102-0933\jre\bin\msvcp140.dll
0x00007fff5b6d0000 - 0x00007fff5c314000 	C:\Users\HARSHITHA\Downloads\eclipse-jee-2022-12-R-win32-x86_64 (1)\eclipse\plugins\org.eclipse.justj.openjdk.hotspot.jre.full.win32.x86_64_17.0.5.v20221102-0933\jre\bin\server\jvm.dll
0x00007fffef0f0000 - 0x00007fffef1a1000 	C:\WINDOWS\System32\ADVAPI32.dll
0x00007fffefb90000 - 0x00007fffefc36000 	C:\WINDOWS\System32\sechost.dll
0x00007fffede10000 - 0x00007fffedf27000 	C:\WINDOWS\System32\RPCRT4.dll
0x00007fffde520000 - 0x00007fffde554000 	C:\WINDOWS\SYSTEM32\WINMM.dll
0x00007fffec1b0000 - 0x00007fffec1ba000 	C:\WINDOWS\SYSTEM32\VERSION.dll
0x00007fffc6810000 - 0x00007fffc6819000 	C:\WINDOWS\SYSTEM32\WSOCK32.dll
0x00007fffefc40000 - 0x00007fffefcb1000 	C:\WINDOWS\System32\WS2_32.dll
0x00007fffeb3a0000 - 0x00007fffeb3b8000 	C:\WINDOWS\SYSTEM32\kernel.appcore.dll
0x00007fffd9c20000 - 0x00007fffd9c2a000 	C:\Users\HARSHITHA\Downloads\eclipse-jee-2022-12-R-win32-x86_64 (1)\eclipse\plugins\org.eclipse.justj.openjdk.hotspot.jre.full.win32.x86_64_17.0.5.v20221102-0933\jre\bin\jimage.dll
0x00007fffecbd0000 - 0x00007fffece03000 	C:\WINDOWS\SYSTEM32\DBGHELP.DLL
0x00007fffeed50000 - 0x00007fffef0d9000 	C:\WINDOWS\System32\combase.dll
0x00007fffee960000 - 0x00007fffeea37000 	C:\WINDOWS\System32\OLEAUT32.dll
0x00007fffeca90000 - 0x00007fffecac2000 	C:\WINDOWS\SYSTEM32\dbgcore.DLL
0x00007fffed400000 - 0x00007fffed47a000 	C:\WINDOWS\System32\bcryptPrimitives.dll
0x00007fffd33c0000 - 0x00007fffd33e5000 	C:\Users\HARSHITHA\Downloads\eclipse-jee-2022-12-R-win32-x86_64 (1)\eclipse\plugins\org.eclipse.justj.openjdk.hotspot.jre.full.win32.x86_64_17.0.5.v20221102-0933\jre\bin\java.dll
0x00007fffd4610000 - 0x00007fffd4628000 	C:\Users\HARSHITHA\Downloads\eclipse-jee-2022-12-R-win32-x86_64 (1)\eclipse\plugins\org.eclipse.justj.openjdk.hotspot.jre.full.win32.x86_64_17.0.5.v20221102-0933\jre\bin\zip.dll
0x00007fffedf30000 - 0x00007fffee789000 	C:\WINDOWS\System32\SHELL32.dll
0x00007fffea670000 - 0x00007fffeaf64000 	C:\WINDOWS\SYSTEM32\windows.storage.dll
0x00007fffeb9d0000 - 0x00007fffebb0e000 	C:\WINDOWS\SYSTEM32\wintypes.dll
0x00007fffef610000 - 0x00007fffef703000 	C:\WINDOWS\System32\SHCORE.dll
0x00007fffeea40000 - 0x00007fffeea9e000 	C:\WINDOWS\System32\shlwapi.dll
0x00007fffed210000 - 0x00007fffed236000 	C:\WINDOWS\SYSTEM32\profapi.dll
0x00007fffd9ad0000 - 0x00007fffd9ae0000 	C:\Users\HARSHITHA\Downloads\eclipse-jee-2022-12-R-win32-x86_64 (1)\eclipse\plugins\org.eclipse.justj.openjdk.hotspot.jre.full.win32.x86_64_17.0.5.v20221102-0933\jre\bin\verify.dll
0x00007fffd0210000 - 0x00007fffd0229000 	C:\Users\HARSHITHA\Downloads\eclipse-jee-2022-12-R-win32-x86_64 (1)\eclipse\plugins\org.eclipse.justj.openjdk.hotspot.jre.full.win32.x86_64_17.0.5.v20221102-0933\jre\bin\net.dll
0x00007fffe3170000 - 0x00007fffe32a7000 	C:\WINDOWS\SYSTEM32\WINHTTP.dll
0x00007fffeb770000 - 0x00007fffeb7d9000 	C:\WINDOWS\system32\mswsock.dll
0x00007fffd0120000 - 0x00007fffd0135000 	C:\Users\HARSHITHA\Downloads\eclipse-jee-2022-12-R-win32-x86_64 (1)\eclipse\plugins\org.eclipse.justj.openjdk.hotspot.jre.full.win32.x86_64_17.0.5.v20221102-0933\jre\bin\nio.dll
0x00007fffebdb0000 - 0x00007fffebea9000 	C:\WINDOWS\SYSTEM32\DNSAPI.dll
0x00007fffebd80000 - 0x00007fffebdad000 	C:\WINDOWS\SYSTEM32\IPHLPAPI.DLL
0x00007fffef0e0000 - 0x00007fffef0e9000 	C:\WINDOWS\System32\NSI.dll
0x00007fffdfed0000 - 0x00007fffdfeda000 	C:\Windows\System32\rasadhlp.dll
0x00007fffdfe40000 - 0x00007fffdfec3000 	C:\WINDOWS\System32\fwpuclnt.dll
0x00007fffecf00000 - 0x00007fffecf1b000 	C:\WINDOWS\SYSTEM32\CRYPTSP.dll
0x00007fffeb300000 - 0x00007fffeb335000 	C:\WINDOWS\system32\rsaenh.dll
0x00007fffec2e0000 - 0x00007fffec30c000 	C:\WINDOWS\SYSTEM32\USERENV.dll
0x00007fffecb60000 - 0x00007fffecb88000 	C:\WINDOWS\SYSTEM32\bcrypt.dll
0x00007fffec310000 - 0x00007fffec31c000 	C:\WINDOWS\SYSTEM32\CRYPTBASE.dll
0x00007fffe1f10000 - 0x00007fffe1f29000 	C:\WINDOWS\SYSTEM32\dhcpcsvc6.DLL
0x00007fffe0f70000 - 0x00007fffe0f8f000 	C:\WINDOWS\SYSTEM32\dhcpcsvc.DLL
0x00007fffd44b0000 - 0x00007fffd44be000 	C:\Users\HARSHITHA\Downloads\eclipse-jee-2022-12-R-win32-x86_64 (1)\eclipse\plugins\org.eclipse.justj.openjdk.hotspot.jre.full.win32.x86_64_17.0.5.v20221102-0933\jre\bin\sunmscapi.dll
0x00007fffedb50000 - 0x00007fffedcb6000 	C:\WINDOWS\System32\CRYPT32.dll
0x00007fffec470000 - 0x00007fffec49d000 	C:\WINDOWS\SYSTEM32\ncrypt.dll
0x00007fffec430000 - 0x00007fffec467000 	C:\WINDOWS\SYSTEM32\NTASN1.dll
0x00007fffaa220000 - 0x00007fffaa228000 	C:\WINDOWS\system32\wshunix.dll
0x00007fffbfd00000 - 0x00007fffbfd17000 	C:\WINDOWS\system32\napinsp.dll
0x00007fffbfcb0000 - 0x00007fffbfccb000 	C:\WINDOWS\system32\pnrpnsp.dll
0x00007fffbfc90000 - 0x00007fffbfca1000 	C:\WINDOWS\System32\winrnr.dll
0x00007fffcba20000 - 0x00007fffcba35000 	C:\WINDOWS\system32\wshbth.dll
0x00007fffbfc00000 - 0x00007fffbfc21000 	C:\WINDOWS\system32\nlansp_c.dll

dbghelp: loaded successfully - version: 4.0.5 - missing functions: none
symbol engine: initialized successfully - sym options: 0x614 - pdb path: .;C:\Users\HARSHITHA\Downloads\eclipse-jee-2022-12-R-win32-x86_64 (1)\eclipse\plugins\org.eclipse.justj.openjdk.hotspot.jre.full.win32.x86_64_17.0.5.v20221102-0933\jre\bin;C:\WINDOWS\SYSTEM32;C:\WINDOWS\WinSxS\amd64_microsoft.windows.common-controls_6595b64144ccf1df_6.0.22621.2506_none_270c5ae97388e100;C:\Users\HARSHITHA\Downloads\eclipse-jee-2022-12-R-win32-x86_64 (1)\eclipse\plugins\org.eclipse.justj.openjdk.hotspot.jre.full.win32.x86_64_17.0.5.v20221102-0933\jre\bin\server

VM Arguments:
jvm_args: -Dfile.encoding=UTF-8 -XX:+ShowCodeDetailsInExceptionMessages 
java_command: com.harshi.seleniumTest.AmazonFinalproject_Phase1.TestSignInPage
java_class_path (initial): C:\eclips\AmazonFinalproject-Phase1\target\classes;C:\Users\HARSHITHA\.m2\repository\org\seleniumhq\selenium\selenium-java\4.16.1\selenium-java-4.16.1.jar;C:\Users\HARSHITHA\.m2\repository\org\seleniumhq\selenium\selenium-api\4.16.1\selenium-api-4.16.1.jar;C:\Users\HARSHITHA\.m2\repository\org\seleniumhq\selenium\selenium-chrome-driver\4.16.1\selenium-chrome-driver-4.16.1.jar;C:\Users\HARSHITHA\.m2\repository\com\google\auto\service\auto-service-annotations\1.1.1\auto-service-annotations-1.1.1.jar;C:\Users\HARSHITHA\.m2\repository\org\seleniumhq\selenium\selenium-chromium-driver\4.16.1\selenium-chromium-driver-4.16.1.jar;C:\Users\HARSHITHA\.m2\repository\org\seleniumhq\selenium\selenium-json\4.16.1\selenium-json-4.16.1.jar;C:\Users\HARSHITHA\.m2\repository\org\seleniumhq\selenium\selenium-manager\4.16.1\selenium-manager-4.16.1.jar;C:\Users\HARSHITHA\.m2\repository\org\seleniumhq\selenium\selenium-devtools-v118\4.16.1\selenium-devtools-v118-4.16.1.jar;C:\Users\HARSHITHA\.m2\repository\org\seleniumhq\selenium\selenium-devtools-v119\4.16.1\selenium-devtools-v119-4.16.1.jar;C:\Users\HARSHITHA\.m2\repository\org\seleniumhq\selenium\selenium-devtools-v120\4.16.1\selenium-devtools-v120-4.16.1.jar;C:\Users\HARSHITHA\.m2\repository\org\seleniumhq\selenium\selenium-devtools-v85\4.16.1\selenium-devtools-v85-4.16.1.jar;C:\Users\HARSHITHA\.m2\repository\org\seleniumhq\selenium\selenium-edge-driver\4.16.1\selenium-edge-driver-4.16.1.jar;C:\Users\HARSHITHA\.m2\repository\org\seleniumhq\selenium\selenium-firefox-driver\4.16.1\selenium-firefox-driver-4.16.1.jar;C:\Users\HARSHITHA\.m2\repository\org\seleniumhq\selenium\selenium-http\4.16.1\selenium-http-4.16.1.jar;C:\Users\HARSHITHA\.m2\repository\dev\failsafe\failsafe\3.3.2\failsafe-3.3.2.jar;C:\Users\HARSHITHA\.m2\repository\org\seleniumhq\selenium\selenium-ie-driver\4.16.1\selenium-ie-driver-4.16.1.jar;C:\Users\HARSHITHA\.m2\repository\org\seleniumhq\selenium\selenium-remote-driver\4.16.1\selenium-remo
Launcher Type: SUN_STANDARD

[Global flags]
     intx CICompilerCount                          = 4                                         {product} {ergonomic}
     uint ConcGCThreads                            = 2                                         {product} {ergonomic}
     uint G1ConcRefinementThreads                  = 8                                         {product} {ergonomic}
   size_t G1HeapRegionSize                         = 1048576                                   {product} {ergonomic}
    uintx GCDrainStackTargetSize                   = 64                                        {product} {ergonomic}
   size_t InitialHeapSize                          = 62914560                                  {product} {ergonomic}
   size_t MarkStackSize                            = 4194304                                   {product} {ergonomic}
   size_t MaxHeapSize                              = 1002438656                                {product} {ergonomic}
   size_t MaxNewSize                               = 600834048                                 {product} {ergonomic}
   size_t MinHeapDeltaBytes                        = 1048576                                   {product} {ergonomic}
   size_t MinHeapSize                              = 8388608                                   {product} {ergonomic}
    uintx NonNMethodCodeHeapSize                   = 5839372                                {pd product} {ergonomic}
    uintx NonProfiledCodeHeapSize                  = 122909434                              {pd product} {ergonomic}
    uintx ProfiledCodeHeapSize                     = 122909434                              {pd product} {ergonomic}
    uintx ReservedCodeCacheSize                    = 251658240                              {pd product} {ergonomic}
     bool SegmentedCodeCache                       = true                                      {product} {ergonomic}
     bool ShowCodeDetailsInExceptionMessages       = true                                   {manageable} {command line}
   size_t SoftMaxHeapSize                          = 1002438656                             {manageable} {ergonomic}
     bool UseCompressedClassPointers               = true                           {product lp64_product} {ergonomic}
     bool UseCompressedOops                        = true                           {product lp64_product} {ergonomic}
     bool UseG1GC                                  = true                                      {product} {ergonomic}
     bool UseLargePagesIndividualAllocation        = false                                  {pd product} {ergonomic}

Logging:
Log output configuration:
 #0: stdout all=warning uptime,level,tags
 #1: stderr all=off uptime,level,tags

Environment Variables:
PATH=C:/Users/HARSHITHA/Desktop/eclipse//plugins/org.eclipse.justj.openjdk.hotspot.jre.full.win32.x86_64_17.0.5.v20221102-0933/jre/bin/server;C:/Users/HARSHITHA/Desktop/eclipse//plugins/org.eclipse.justj.openjdk.hotspot.jre.full.win32.x86_64_17.0.5.v20221102-0933/jre/bin;C:\Anaconda;C:\Anaconda\Scripts;C:\Program Files (x86)\Common Files\Oracle\Java\javapath;C:\oraclexe\app\oracle\product\10.2.0\server\bin;C:\WINDOWS\system32;C:\WINDOWS;C:\WINDOWS\System32\Wbem;C:\WINDOWS\System32\WindowsPowerShell\v1.0\;C:\WINDOWS\System32\OpenSSH\;C:\Program Files\dotnet\;C:\Program Files\Git\cmd;C:\Program Files\MySQL\MySQL Shell 8.0\bin\;C:\Users\HARSHITHA\AppData\Local\Microsoft\WindowsApps;C:\Users\HARSHITHA\AppData\Local\Programs\Microsoft VS Code\bin;C:\Users\HARSHITHA\Desktop\eclipse;
USERNAME=HARSHITHA
OS=Windows_NT
PROCESSOR_IDENTIFIER=Intel64 Family 6 Model 140 Stepping 1, GenuineIntel
TMP=C:\Users\HARSHITHA\AppData\Local\Temp
TEMP=C:\Users\HARSHITHA\AppData\Local\Temp



---------------  S Y S T E M  ---------------

OS:
 Windows 11 , 64 bit Build 22621 (10.0.22621.2506)
OS uptime: 0 days 16:16 hours

CPU: total 8 (initial active 8) (4 cores per cpu, 2 threads per core) family 6 model 140 stepping 1 microcode 0xb4, cx8, cmov, fxsr, ht, mmx, 3dnowpref, sse, sse2, sse3, ssse3, sse4.1, sse4.2, popcnt, lzcnt, tsc, tscinvbit, avx, avx2, aes, erms, clmul, bmi1, bmi2, adx, avx512f, avx512dq, avx512cd, avx512bw, avx512vl, sha, fma, vzeroupper, avx512_vpopcntdq, avx512_vpclmulqdq, avx512_vaes, avx512_vnni, clflush, clflushopt, clwb, avx512_vbmi2, avx512_vbmi

Memory: 4k page, system-wide physical 3818M (58M free)
TotalPageFile size 15594M (AvailPageFile size 0M)
current process WorkingSet (physical memory assigned to process): 85M, peak: 85M
current process commit charge ("private bytes"): 163M, peak: 164M

vm_info: OpenJDK 64-Bit Server VM (17.0.5+8) for windows-amd64 JRE (17.0.5+8), built on Oct 19 2022 04:48:13 by "temurin" with MS VC++ 16.7 (VS2019)

END.
